0 info it worked if it ends with ok
1 verbose cli [ '/usr/bin/node', '/usr/bin/npm', 'run', 'fs' ]
2 info using npm@3.5.2
3 info using node@v8.10.0
4 verbose run-script [ 'prefs', 'fs', 'postfs' ]
5 info lifecycle @~prefs: @
6 silly lifecycle @~prefs: no script for prefs, continuing
7 info lifecycle @~fs: @
8 verbose lifecycle @~fs: unsafe-perm in lifecycle true
9 verbose lifecycle @~fs: PATH: /usr/share/npm/bin/node-gyp-bin:/tmp/guest-qskwyk/Desktop/osam/nodeJS/Debug/debug/node_modules/.bin:/usr/local/sbin:/usr/local/bin:/usr/sbin:/usr/bin:/sbin:/bin:/usr/games:/usr/local/games
10 verbose lifecycle @~fs: CWD: /tmp/guest-qskwyk/Desktop/osam/nodeJS/Debug/debug
11 silly lifecycle @~fs: Args: [ '-c', 'cross-env FILE_PATH=./hello.txt node fs.js' ]
12 silly lifecycle @~fs: Returned: code: 1  signal: null
13 info lifecycle @~fs: Failed to exec fs script
14 verbose stack Error: @ fs: `cross-env FILE_PATH=./hello.txt node fs.js`
14 verbose stack Exit status 1
14 verbose stack     at EventEmitter.<anonymous> (/usr/share/npm/lib/utils/lifecycle.js:232:16)
14 verbose stack     at emitTwo (events.js:126:13)
14 verbose stack     at EventEmitter.emit (events.js:214:7)
14 verbose stack     at ChildProcess.<anonymous> (/usr/share/npm/lib/utils/spawn.js:24:14)
14 verbose stack     at emitTwo (events.js:126:13)
14 verbose stack     at ChildProcess.emit (events.js:214:7)
14 verbose stack     at maybeClose (internal/child_process.js:925:16)
14 verbose stack     at Process.ChildProcess._handle.onexit (internal/child_process.js:209:5)
15 verbose pkgid @
16 verbose cwd /tmp/guest-qskwyk/Desktop/osam/nodeJS/Debug/debug
17 error Linux 4.15.0-20-generic
18 error argv "/usr/bin/node" "/usr/bin/npm" "run" "fs"
19 error node v8.10.0
20 error npm  v3.5.2
21 error code ELIFECYCLE
22 error @ fs: `cross-env FILE_PATH=./hello.txt node fs.js`
22 error Exit status 1
23 error Failed at the @ fs script 'cross-env FILE_PATH=./hello.txt node fs.js'.
23 error Make sure you have the latest version of node.js and npm installed.
23 error If you do, this is most likely a problem with the  package,
23 error not with npm itself.
23 error Tell the author that this fails on your system:
23 error     cross-env FILE_PATH=./hello.txt node fs.js
23 error You can get information on how to open an issue for this project with:
23 error     npm bugs
23 error Or if that isn't available, you can get their info via:
23 error     npm owner ls
23 error There is likely additional logging output above.
24 verbose exit [ 1, true ]
